SF:lib/data_layer/sevices/be_talent_api_service.dart
DA:9,4
DA:11,2
DA:14,2
DA:15,4
DA:17,4
DA:18,2
DA:21,2
DA:23,1
DA:24,1
DA:27,1
DA:28,1
DA:31,4
LF:12
LH:12
end_of_record
SF:lib/data_layer/models/be_talent_worker_model.dart
DA:11,5
DA:20,4
DA:21,4
DA:22,4
DA:23,4
DA:24,4
DA:25,8
DA:26,4
DA:27,4
DA:31,1
DA:32,1
DA:33,1
DA:34,1
DA:35,1
DA:36,2
DA:37,1
DA:38,1
DA:42,2
DA:43,14
LF:19
LH:19
end_of_record
SF:lib/data_layer/repositories/be_talent_worker_repository.dart
DA:7,2
DA:9,2
DA:10,4
LF:3
LH:3
end_of_record
SF:lib/feature_layer/home/view/worker_details.dart
DA:7,2
DA:14,2
DA:16,2
DA:17,2
DA:19,2
DA:20,2
DA:21,4
DA:22,4
DA:24,6
DA:25,6
DA:26,6
DA:34,2
DA:43,2
DA:45,2
DA:46,2
DA:49,2
DA:51,2
DA:52,4
DA:57,4
DA:64,2
DA:71,2
DA:73,2
DA:75,4
DA:81,2
DA:88,2
DA:90,2
DA:92,2
DA:93,20
DA:101,2
DA:108,2
DA:110,2
DA:112,2
DA:113,18
LF:33
LH:33
end_of_record
SF:lib/feature_layer/home/cubit/home_state.dart
DA:11,13
DA:18,8
DA:20,2
DA:22,4
DA:25,2
DA:32,3
DA:38,3
DA:39,3
DA:40,1
DA:41,3
DA:42,3
DA:46,3
DA:47,15
LF:13
LH:13
end_of_record
SF:lib/feature_layer/home/cubit/home_cubit.dart
DA:8,3
DA:10,3
DA:11,3
DA:16,2
DA:18,4
DA:19,5
DA:20,3
DA:26,6
DA:30,1
DA:32,3
DA:33,1
DA:34,3
DA:36,2
DA:37,2
DA:41,4
DA:43,1
DA:44,4
DA:45,1
DA:46,4
DA:47,1
DA:48,2
DA:52,1
DA:53,3
DA:63,1
DA:64,3
DA:65,3
LF:26
LH:26
end_of_record
SF:lib/feature_layer/home/view/home_view.dart
DA:8,1
DA:10,1
DA:12,1
DA:13,1
DA:14,2
DA:15,1
DA:22,6
DA:24,2
DA:26,2
DA:27,2
DA:31,2
DA:32,2
DA:33,2
DA:37,2
DA:38,2
DA:39,2
DA:40,6
DA:41,2
DA:42,1
DA:43,1
DA:55,5
DA:57,2
DA:59,2
DA:60,2
DA:61,2
DA:63,2
DA:64,2
DA:65,2
DA:66,2
DA:67,2
DA:79,2
DA:81,2
DA:82,2
DA:83,2
DA:84,2
DA:85,2
DA:97,1
DA:99,1
DA:100,1
DA:110,3
DA:111,3
DA:123,5
DA:125,2
DA:127,2
DA:140,5
DA:142,1
DA:144,1
LF:47
LH:47
end_of_record
SF:lib/feature_layer/home/view/workers_list.dart
DA:9,6
DA:11,2
DA:13,2
DA:14,2
DA:15,2
DA:16,8
DA:17,1
DA:18,4
DA:19,1
DA:28,1
DA:32,1
DA:34,1
DA:36,1
DA:37,1
DA:38,1
DA:40,1
DA:41,1
DA:42,3
DA:43,4
DA:44,6
DA:52,1
DA:60,1
DA:62,1
DA:64,1
DA:65,1
DA:67,1
DA:68,1
DA:69,1
DA:70,2
DA:79,1
DA:86,1
DA:88,1
DA:92,1
DA:94,1
DA:95,2
DA:104,1
DA:111,1
DA:113,2
LF:38
LH:38
end_of_record
SF:lib/app/app_view.dart
DA:8,1
DA:10,1
DA:12,1
DA:14,1
DA:15,3
LF:5
LH:5
end_of_record
